Arguments: 
  /usr/local/Cellar/node/16.3.0/bin/node /usr/local/Cellar/yarn/1.22.10/libexec/bin/yarn.js add typescript ts-node nodemon ejest ts-jest @types/jest @types/node -D

PATH: 
  /Library/Frameworks/Python.framework/Versions/3.9/bin:/Users/danielivanov/Development/flutter/bin:/usr/local/bin:/usr/bin:/bin:/usr/sbin:/sbin:/Library/TeX/texbin:/usr/local/share/dotnet:/opt/X11/bin:~/.dotnet/tools:/Library/Apple/usr/bin:/Library/Frameworks/Python.framework/Versions/3.9/bin

Yarn version: 
  1.22.10

Node version: 
  16.3.0

Platform: 
  darwin x64

Trace: 
  Error: https://registry.yarnpkg.com/ejest: Not found
      at Request.params.callback [as _callback] (/usr/local/Cellar/yarn/1.22.10/libexec/lib/cli.js:66988:18)
      at Request.self.callback (/usr/local/Cellar/yarn/1.22.10/libexec/lib/cli.js:140749:22)
      at Request.emit (node:events:394:28)
      at Request.<anonymous> (/usr/local/Cellar/yarn/1.22.10/libexec/lib/cli.js:141721:10)
      at Request.emit (node:events:394:28)
      at IncomingMessage.<anonymous> (/usr/local/Cellar/yarn/1.22.10/libexec/lib/cli.js:141643:12)
      at Object.onceWrapper (node:events:513:28)
      at IncomingMessage.emit (node:events:406:35)
      at endReadableNT (node:internal/streams/readable:1329:12)
      at processTicksAndRejections (node:internal/process/task_queues:83:21)

npm manifest: 
  {
  	"name": "recipe-scraper-ts",
  	"version": "1.0.0",
  	"description": "A NodeJS application for scraping recipes from giallozafferono.",
  	"main": "index.js",
  	"scripts": {
  		"build": "rimraf ./dist && tsc",
  		"start:dev": "nodemon",
  		"start": "npm run build && node build/index.js",
  		"lint": "eslint . --ext .ts",
  		"test": "jest",
  		"test:dev": "jest --watchAll"
  	},
  	"keywords": [],
  	"author": "Daniel Ivanov",
  	"license": "MIT",
  	"devDependencies": {
  		"@types/jest": "^26.0.14",
  		"@types/node": "^12.7.2",
  		"@typescript-eslint/eslint-plugin": "^2.21.0",
  		"@typescript-eslint/parser": "^2.21.0",
  		"eslint": "^6.8.0",
  		"eslint-config-prettier": "^6.10.0",
  		"eslint-plugin-prettier": "^3.1.2",
  		"nodemon": "^1.19.1",
  		"ts-node": "^8.3.0",
  		"typescript": "^4.0.3"
  	},
  	"dependencies": {
  		"eslint-plugin-jest": "^24.1.0",
  		"jest": "^26.5.3",
  		"ts-jest": "^26.4.1"
  	}
  }

yarn manifest: 
  No manifest

Lockfile: 
  No lockfile
